<?xml version="1.0" encoding="UTF-8"?>
<!-- Generated by org.testng.reporters.JUnitReportReporter -->
<testsuite hostname="UvarajaugamsMBP.lan" failures="0" tests="2" name="testCases.RecipesTest" time="10.077" errors="0" timestamp="2023-12-12T23:05:49 EST" skipped="0">
  <testcase classname="testCases.RecipesTest" name="getUrl" time="6.146"/>
  <testcase classname="testCases.RecipesTest" name="Pagination" time="3.931"/>
</testsuite> <!-- testCases.RecipesTest -->
