<?xml version="1.0" encoding="UTF-8"?>
<!-- Generated by org.testng.reporters.JUnitReportReporter -->
<testsuite hostname="UvarajaugamsMBP.lan" failures="0" tests="2" name="testCases.RecipesTest" time="12.310" errors="0" timestamp="2023-12-12T23:15:17 EST" skipped="0">
  <testcase classname="testCases.RecipesTest" name="getUrl" time="3.165"/>
  <testcase classname="testCases.RecipesTest" name="Pagination" time="9.145"/>
</testsuite> <!-- testCases.RecipesTest -->
